20230207	00:17:47	2a6cfcd3-7e5b-44c1-bda0-671aa1dd9816	GET	undefined	/posts
20230207	00:20:28	63aca5f2-d847-407e-b706-caa74dd089f5	POST	undefined	/register
20230207	00:21:43	c2669222-9343-4e29-a6f6-d5c23d887e4a	POST	undefined	/register
20230207	00:22:53	555cf980-684e-475d-b15e-43d8b8b59bc0	POST	undefined	/register
20230207	00:24:31	d3fb8756-d1b9-42e5-b77c-bea910f1ec36	POST	undefined	/register
20230207	00:33:00	f741644f-eb87-470e-a16f-d1278f7e9327	POST	undefined	/register
20230207	00:35:09	44c16b16-c3ac-49fb-abd2-df8cfd51588c	POST	undefined	/register
20230207	00:35:42	02a710c9-e552-4ae9-9a3e-f87570eda7f0	POST	undefined	/register
20230207	00:37:16	14b35bb0-37b6-4496-ad21-a500193d21d6	POST	undefined	/register
20230207	00:42:41	39d62016-a724-4925-8123-1e3d7a945f5c	POST	undefined	/register
20230207	12:26:37	042ef349-52fa-43da-bb0d-937c3ccbe3d1	POST	undefined	/login
20230207	15:16:29	d503342e-6f88-437e-aee9-f8aa022b8710	POST	undefined	/login
20230207	15:17:00	11ecb927-03b2-46fd-87ef-b4b182ee4d20	POST	undefined	/login
20230207	15:17:41	33bcaf61-4b53-426c-b690-bed896b9ffe5	GET	undefined	/posts
20230207	15:17:57	d57cde26-2d31-4b94-8768-317aedd608fb	GET	undefined	/posts
20230207	15:18:05	7386351e-1674-47a2-9252-fd811c53ca6c	GET	undefined	/posts
20230207	15:18:09	291b06bf-8043-41f5-bfd6-eb34f52ebc56	GET	undefined	/posts
20230207	15:20:04	200b2309-7622-4eaf-bf54-abccc77e69c7	GET	undefined	/posts
20230207	15:20:07	07af1640-9674-44dc-8fde-52dc31d416fb	GET	undefined	/posts
20230207	15:20:15	33fcf984-0af3-4564-9061-affe97ee2e1c	GET	undefined	/login
20230207	15:20:42	89ff3814-aff8-428c-a14e-b3dcb6c9b687	POST	undefined	/login
20230207	15:21:02	e7110ffc-b190-4d83-a7e0-e378833d2f5f	GET	undefined	/posts
20230207	15:21:27	be3f7a16-62de-4fd3-b869-603ddc8cb669	GET	undefined	/posts
20230207	15:22:54	9291e136-c6a0-4b25-b0af-444976c2ce48	POST	undefined	/login
20230207	15:23:18	6a153d2b-6179-4974-8c3b-311862e5bf4d	GET	undefined	/posts
20230207	16:13:23	6d768088-0d87-4623-b59a-5637350d257f	POST	undefined	/login
20230207	16:14:09	272895f7-d5c9-4c83-a53e-806165d2a235	GET	undefined	/refresh
20230207	16:14:50	79dece90-4711-459b-9e1b-72d07a3a51aa	POST	undefined	/login
20230207	16:14:59	64bda05c-d720-4828-a7cf-672aac17f4b4	GET	undefined	/refresh
20230207	16:15:11	3760e597-8594-4aeb-a25a-857a6a3b84cf	GET	undefined	/refresh
20230207	16:15:12	6d4cd31e-4d25-45aa-8a9c-b9f450953604	GET	undefined	/refresh
20230207	16:15:22	d0f323ae-2d23-4b01-9f4d-e9cb97819566	GET	undefined	/refresh
20230207	16:17:57	626b4098-ed9d-444e-87b0-b93fbf1a759e	GET	undefined	/refresh
20230207	16:18:13	3309f75e-bf89-441c-9a83-8b1a1869c590	POST	undefined	/login
20230207	16:18:23	6d28f3ed-34e9-4202-b687-abb5de6003e2	GET	undefined	/refresh
20230207	16:19:33	b28b3648-4bd6-4eb1-bf0c-3d433efdc454	POST	undefined	/login
20230207	16:20:38	29d2df5c-a72b-4b9f-a037-00cee090b5dc	POST	undefined	/login
20230207	16:20:51	7f1787ac-5293-4a32-8bb9-10413cec2ccd	GET	undefined	/refresh
20230207	16:21:16	885975ed-def5-42ae-b900-1c323e9ef55e	GET	undefined	/refresh
20230207	16:21:22	5b97ed5a-a600-4031-b49d-83b26aeba993	GET	undefined	/refresh
20230207	16:21:24	952c2e2e-023c-4d46-bc66-75c10dd279bc	GET	undefined	/refresh
20230207	19:07:45	d1e3a0b8-66bc-4ece-b064-17710c822235	GET	undefined	/login
20230207	19:07:51	898c003d-3f6e-461b-8540-6c3949c5428b	POST	undefined	/login
20230207	19:08:25	b38993d9-84c3-4b89-9f07-9d86bc4da072	GET	undefined	/posts
20230207	19:08:43	3f0871a7-d0aa-4371-b448-aaccd485dd13	POST	undefined	/login
20230207	19:09:22	ebad93fc-70d6-4217-82bb-1385ea4af261	GET	undefined	/posts
20230207	19:11:58	b78c7dec-0cd9-408d-9b3b-f687f8007daf	GET	undefined	/posts
20230207	19:12:01	7bfc9d1f-ee28-4e71-8eae-0e20fe636924	GET	undefined	/posts
20230207	19:12:25	6069173e-fe58-49d0-a389-84d0cf9a7f52	POST	undefined	/login
20230207	19:12:44	c8e5ae56-968f-4628-ab5f-930b7d87f9fe	GET	undefined	/posts
20230207	19:17:49	87f133e6-e1ce-4c03-b4f5-0741a24b8928	POST	undefined	/login
20230207	19:18:07	fb9bf413-1874-4812-bd91-aca864ab5a6f	GET	undefined	/posts
20230207	19:18:24	d68fbf65-e8ec-4ca4-90c8-f46de049e053	GET	undefined	/logout
20230207	19:20:03	cdf38af9-eb88-4b83-8c43-fc0613109928	POST	undefined	/login
20230207	19:20:19	9f958927-13e1-480f-9de1-4f092ef120b5	GET	undefined	/posts
20230207	19:20:28	d75fae73-f518-4f07-bbf3-d40aff343dbe	GET	undefined	/logout
20230207	19:20:54	0090a908-00b5-4ecf-8980-27ab253b96bb	GET	undefined	/logout
20230207	19:21:04	bbba29aa-fc5b-48d7-a37a-44d466493350	GET	undefined	/posts
20230207	19:21:14	e5969734-c2f8-4740-83e6-26915ca6c8a4	GET	undefined	/logout
20230207	19:21:23	a6a44e29-1ce7-4767-85a1-1a17f1b6cd7f	GET	undefined	/posts
20230207	19:27:59	377b6f62-5c84-432d-bbee-91a2a4147c00	GET	undefined	/posts
20230207	19:31:07	40a3f625-fde2-4aef-8f68-2bf7f8ee66c6	GET	undefined	/posts
20230207	19:31:16	74776a92-fe1c-4369-88bc-da2fc5cddd02	POST	undefined	/login
20230207	19:31:28	13a4ee56-bc25-4bd1-a735-a23aee33dc4c	GET	undefined	/refresh
20230207	19:31:31	558c58ac-cfe1-42d2-91f9-c251aee553d1	GET	undefined	/refresh
20230207	19:31:37	07c0509e-f753-428b-91c4-e6833b50bcc8	GET	undefined	/refresh
20230207	19:31:38	af247332-a9d8-41ef-b623-3b61a13a86b5	GET	undefined	/refresh
20230207	19:31:52	e2e4218b-af43-4b3c-9a2f-e8cef70cfa8d	GET	undefined	/refresh
20230207	19:32:34	c2c34e70-6841-4244-a565-e1d690487822	POST	undefined	/login
20230207	19:32:55	6b5f7783-70a1-48c4-a48b-a2bab7a126c3	GET	undefined	/refresh
20230207	19:33:03	f0662f21-c922-4534-a316-f2dbdbac3aaf	GET	undefined	/logout
20230207	19:33:16	ab65d15d-eaf4-4daa-b572-9faf55ae88b5	GET	undefined	/refresh
20230207	19:33:25	4e51805d-558d-4d69-bc21-40dab5c4f1e2	GET	undefined	/posts
20230207	19:35:27	bc4934e3-c3e1-44c3-8cb0-be42bdd0c88b	GET	undefined	/posts
20230207	19:36:12	1edae433-46d4-4cdb-940d-dd420b90e8f5	GET	undefined	/posts
20230207	19:36:19	cda9ad5e-ddca-4c43-87cc-1ef9a0d7ce6f	GET	undefined	/posts
20230207	19:38:16	0ceb1bfc-0b34-4a26-a247-7feae97ea084	POST	undefined	/login
20230207	20:07:14	96079ac5-e331-481f-aff1-4c802d10c664	POST	undefined	/login
20230207	20:07:23	b89fb788-6dd7-4690-b610-fd362f4f189e	GET	undefined	/posts
20230207	20:07:42	a461895b-b443-412f-90e5-38e264b5b31c	POST	undefined	/login
20230207	20:07:58	3014191c-f5b4-48da-ae42-2162c14cb118	GET	undefined	/login
20230207	20:08:06	b5e48bf5-bf8e-49a7-8032-c42fd49dd912	GET	undefined	/posts
20230207	20:08:17	f384ce1b-1da7-4e3c-9be1-2dac2b47ab29	GET	undefined	/logout
20230207	20:08:24	bd8e4673-0dfa-47a6-9fe8-19619d9e8892	GET	undefined	/posts
20230207	20:08:26	f246d1ce-bec7-431e-b855-5228f3d5f758	GET	undefined	/posts
20230207	20:08:27	96e96c87-c6c4-43cd-854a-43cc59876372	GET	undefined	/posts
20230207	20:09:27	6a000aa4-48eb-47f3-adef-d309778b1abc	GET	undefined	/posts
20230207	20:09:29	cdd7d313-1e2a-4a22-83fc-c63454814675	GET	undefined	/posts
20230207	20:09:30	2d3ad089-6026-4a67-ae65-b38409c43bc2	GET	undefined	/posts
20230207	20:10:01	72b7cb6a-5965-4ec6-bb83-47f4dbb7214d	GET	undefined	/posts
20230207	20:10:03	2e16f37b-240e-411b-947e-a692d6d41246	GET	undefined	/posts
20230207	20:10:04	8bf0d5f5-4297-424e-96f8-ea941e3576f1	GET	undefined	/posts
20230207	20:12:38	3a94f9c0-c551-4d65-9bb0-746f23bb693d	POST	undefined	/login
20230207	20:12:57	5ba9b779-c0c0-44ba-a4c5-e0b13b705b4f	GET	undefined	/posts
20230207	20:13:23	348ddbaa-b8ca-4867-af07-194495a31d33	GET	undefined	/logout
20230207	20:13:44	d66c7149-112a-44e9-ae8f-bcabe179eee3	GET	undefined	/posts
20230207	21:53:33	c82601a1-82da-4631-9b8a-838ed379983a	OPTIONS	http://127.0.0.1:5500	/login
20230207	21:54:36	1bbdf0b8-600b-4273-806e-fa6863127d3d	OPTIONS	http://127.0.0.1:5500	/login
20230207	21:55:43	609e7091-c020-4dee-8c7d-116996eb075c	OPTIONS	http://127.0.0.1:5500	/login
20230207	21:57:41	8733b0a1-76ff-4efe-8e0d-faf814c20809	OPTIONS	http://127.0.0.1:5500	/login
20230207	22:10:18	ef9a5862-9adc-4364-bd44-9e9ebd264df2	OPTIONS	http://127.0.0.1:5500	/login
20230207	22:10:34	bfb33097-6979-47af-a87b-b1009bfbc01a	OPTIONS	http://127.0.0.1:5500	/login
20230207	22:10:56	ee10eea5-d8ac-4dcf-83d3-0c2a1c2dbdb4	OPTIONS	http://127.0.0.1:5500	/login
20230207	22:12:07	0b458f2f-0c64-4f66-be45-a435ab0e861c	OPTIONS	http://127.0.0.1:5500	/login
20230207	22:14:38	97e08535-c9e7-4fa0-b6e2-e42fe5399c9f	OPTIONS	http://127.0.0.1:5500	/login
20230207	22:15:00	bbe6a55c-0a22-4df6-8537-0ce0ed37e891	OPTIONS	http://127.0.0.1:5500	/login
20230207	22:17:54	f309538a-ce50-4841-b248-dd24f14cb3b0	OPTIONS	http://127.0.0.1:5500	/login
20230207	22:18:25	12b64f04-f96a-4af8-9131-9ac6cabda4cb	OPTIONS	http://127.0.0.1:5500	/login
20230207	22:20:01	1f79b37f-b6cc-44de-9a2d-1fa2676faaee	OPTIONS	http://127.0.0.1:5500	/login
20230207	22:20:53	eb7de4e0-2fe5-43f7-b245-6c6a1e9056c5	OPTIONS	http://127.0.0.1:5500	/login
20230207	22:21:32	583723d2-c9fe-4550-9ee2-81b37c668d8a	OPTIONS	http://127.0.0.1:5500	/login
20230207	22:22:21	936dd991-8488-45d2-af83-277cd43bd29b	OPTIONS	http://127.0.0.1:5500	/login
20230207	22:23:09	168f02f1-60ea-4eea-81ef-d6e049f5f938	OPTIONS	http://127.0.0.1:5500	/login
20230207	22:23:36	799c1e09-1750-45c9-82ed-ddc87e508d68	OPTIONS	http://127.0.0.1:5500	/login
20230207	22:23:48	1008bb65-842a-44cd-993e-4078333c37fa	OPTIONS	http://127.0.0.1:5500	/login
20230207	22:24:13	90e1537e-1cfb-4b13-bea4-687b14a71fb1	OPTIONS	http://127.0.0.1:5500	/login
20230207	22:24:13	7d6877b1-8b80-49d1-9d32-5a5001d96181	POST	http://127.0.0.1:5500	/login
20230207	22:26:18	fc568ccb-0497-45f6-86e1-fd65f963a038	OPTIONS	http://127.0.0.1:5500	/login
20230207	22:26:18	3c81b9d2-8bc9-40ad-9c5a-b282c06a0c6d	POST	http://127.0.0.1:5500	/login
20230207	22:27:00	85a8dec2-30ef-4ad8-a55c-57a1a675e9a4	OPTIONS	http://127.0.0.1:5500	/login
20230207	22:27:00	cf127b01-d270-4195-a1e7-61ea4ef73d08	POST	http://127.0.0.1:5500	/login
20230207	22:27:28	fb1875bb-77f0-4f39-a101-709e39620d68	OPTIONS	http://127.0.0.1:5500	/login
20230207	22:27:28	33c6587d-12d6-4f31-80d5-72b50af23181	POST	http://127.0.0.1:5500	/login
20230207	22:27:41	32e22a9a-ebd8-47c4-b6e7-4b30a545a2a5	OPTIONS	http://127.0.0.1:5500	/login
20230207	22:27:41	0d5f366e-a221-4af4-80ca-3306121923f3	POST	http://127.0.0.1:5500	/login
20230207	22:32:40	a94f85af-f387-4b0b-87ce-bd0d7db062b5	OPTIONS	http://127.0.0.1:5500	/login
20230207	22:32:40	fc1e4609-cb5c-4172-902e-586c1cc1f6d8	POST	http://127.0.0.1:5500	/login
20230207	22:33:21	bc981991-7a86-4d1e-ba14-bee7625bec93	OPTIONS	http://127.0.0.1:5500	/login
20230207	22:33:21	f7254a1c-934a-4b23-99c7-4c287a85b59b	POST	http://127.0.0.1:5500	/login
20230207	22:36:36	20e155b9-3967-486e-8cb5-043549833914	OPTIONS	http://127.0.0.1:5500	/login
20230207	22:36:37	5fc3749e-1665-4257-a361-c6e9241d8cbe	POST	http://127.0.0.1:5500	/login
20230207	22:37:34	18bc6012-db1d-4031-98b1-40b391daf04e	OPTIONS	http://127.0.0.1:5500	/login
20230207	22:37:34	05b041a2-2457-4b3a-b13d-116da9c2a560	POST	http://127.0.0.1:5500	/login
20230208	09:08:00	1f0317b9-1979-4670-abd4-9334d6874a9d	POST	undefined	/register
20230208	09:16:27	2bf96cae-cd86-4797-9567-967b3d054433	POST	undefined	/register
20230208	09:16:52	92ad3913-ec67-4906-a139-24e5ed5880da	POST	undefined	/register
20230208	09:17:57	9f1feffb-98dc-4c8b-b279-e739cec66635	GET	undefined	/posts
20230208	09:18:16	731e6fd2-adf2-4334-bd7c-184a5240b989	POST	undefined	/login
20230208	09:18:40	f6e0ec38-a4f1-4ad7-8833-e00e35c917cc	GET	undefined	/posts
20230208	09:43:20	1cef2ae5-bcbe-40f5-8653-94cf1531d48b	GET	undefined	/posts
20230208	09:43:44	b66e6d75-878a-446a-9f99-a035c728fdeb	GET	undefined	/posts
20230208	09:43:58	1a8f9892-0b93-427a-b19f-8d2555bbf096	POST	undefined	/posts
20230208	09:44:22	771deba6-6fe3-497b-abb1-e0e7e59d243a	POST	undefined	/login
20230208	09:44:52	4f6cb75e-8a08-45ba-9bee-2b8055e40f04	POST	undefined	/login
20230208	09:46:28	ed78c108-ef67-4bff-a70f-a19c8b438726	POST	undefined	/posts
20230208	09:46:43	c68a7916-0282-4a2f-b395-cb67f0530df6	GET	undefined	/refresh
20230208	09:49:33	8cc97d35-0aa8-4543-8c8a-5c6b07555ae2	POST	undefined	/login
20230208	09:49:53	879de9d3-947e-494b-a968-c8806047f82f	GET	undefined	/posts
20230208	09:51:25	1e3314d2-c702-4b2d-9e96-d475faa41602	POST	undefined	/posts
20230208	09:53:41	ed4a86c4-8fed-4525-a718-a2f5f8b6cd4b	POST	undefined	/posts
20230208	09:55:37	db2da747-166e-4796-b9af-101b6e429203	POST	undefined	/posts
20230208	09:56:21	b6c5a5b5-4a66-4585-86d5-e6ef92d1664b	POST	undefined	/posts
20230208	09:57:38	b3936794-6820-4e99-a1ba-edeb396c6f92	POST	undefined	/posts
20230208	09:57:51	122f480e-e8dc-4680-aa78-5ada4dd8b1ca	POST	undefined	/posts
20230208	09:57:53	231d7f0f-6dab-4471-9396-948aa0dd0d01	POST	undefined	/posts
20230208	09:57:54	5d913ed4-080f-4191-84b2-9f297701e739	POST	undefined	/posts
20230208	09:59:22	48e76908-b281-4843-a73e-57fdb97e6e25	GET	undefined	/posts
20230208	10:00:23	0077ac01-d568-477b-a398-e39b10189bc1	GET	undefined	/posts
20230208	10:01:26	1c57d755-bfec-42fa-89c4-e83f2d12a78e	POST	undefined	/login
20230208	10:01:50	9e3e7453-9b1e-4d10-857e-69c2ca4efcbe	POST	undefined	/login
20230208	10:02:12	c370c6a3-6c0d-4f84-a332-b3fa2b9994da	POST	undefined	/login
20230208	10:02:44	a9698c0b-caaf-4328-9553-5b308c8012d2	POST	undefined	/login
20230208	10:03:07	eaeae622-9254-45e0-bd98-e7e228b92bdc	GET	undefined	/posts
20230208	15:43:15	272a391b-ccbe-400f-adcd-994f987292ca	GET	undefined	/posts
20230208	15:43:29	397605be-4bf1-40e6-9030-c9b96cf7f523	POST	undefined	/login
20230208	15:43:59	9f810e0b-ac04-40f9-a17b-99bddd4dd208	GET	undefined	/posts
20230208	15:46:30	aafd68ad-aca9-4495-86df-0c3109c88559	GET	undefined	/logout
20230208	15:46:42	5feb7f4e-b4a0-4b3b-990d-1abdf8c5ff5f	POST	undefined	/login
20230208	15:47:07	1d735d78-079d-4468-9785-6d04c0f51be3	GET	undefined	/posts
20230208	16:11:32	8a5ee4de-d50f-4725-99a4-0cd00084c63b	GET	undefined	/posts
20230208	16:12:00	55273be9-7e26-4740-85ce-27f96be701eb	POST	undefined	/register
20230208	16:12:45	3c40bd4d-9921-4a1f-ad93-bb027d5f0aa6	POST	undefined	/login
20230208	16:13:04	fd977288-ddfe-407b-a643-51df590febf8	GET	undefined	/posts
20230208	16:14:28	edc294ab-74ea-4632-a587-ecaca22d16c2	POST	undefined	/posts
20230208	16:14:37	9a531667-c108-4e54-bdcc-4a6140f625c7	POST	undefined	/posts
20230208	16:14:43	9e1b1af8-1263-4821-ae3e-361e30e4ec1b	GET	undefined	/posts
20230208	16:18:10	8952a911-a3db-441b-837a-6cac342f4e2b	POST	undefined	/login
20230208	16:18:27	81d221a1-58f3-4c4f-b705-55d0078cf9e2	GET	undefined	/posts
20230208	16:18:58	488af99b-c245-4840-91f0-767c367be382	GET	undefined	/posts
20230208	16:19:20	7c23d1d2-24aa-4ed5-beab-4da58c351522	GET	undefined	/posts
20230208	16:19:28	3b582e0b-1bec-4d3e-92f7-371374281ab5	GET	undefined	/refresh
20230208	16:19:40	03ab6221-fb2f-4bd8-bb82-34a3fd4b3fc3	GET	undefined	/posts
20230208	16:19:59	1c70ae00-a45e-47f4-a66c-39b3b2b6cdb0	GET	undefined	/posts
20230208	16:53:36	7903409a-d778-454b-9928-c260b0f83826	OPTIONS	http://localhost:3000	/register
20230208	16:53:36	d886523c-465a-4d33-a280-b12716f13375	POST	http://localhost:3000	/register
20230208	16:53:46	64ac1357-1933-447f-8eef-e5d476110063	OPTIONS	http://localhost:3000	/register
20230208	16:53:46	a234de25-2dc8-4fe5-86b3-91e1194e1899	POST	http://localhost:3000	/register
20230208	16:55:41	3da72c23-262d-4570-9b0b-7afebb93599d	OPTIONS	http://localhost:3000	/register
20230208	16:55:41	696e82f5-559f-4b8e-8efe-65e737c9c8e8	POST	http://localhost:3000	/register
20230208	16:56:44	f9e3384d-5424-4a67-aafc-0eb66a2c6723	OPTIONS	http://localhost:3000	/register
20230208	16:56:44	c97caa85-f53f-4d83-bd20-d936b3c9f3da	POST	http://localhost:3000	/register
20230208	17:01:58	0944bd67-344f-493c-9a8f-9a632d1ffe4a	OPTIONS	http://localhost:3000	/register
20230208	17:01:58	3bf0a601-a7b9-45ee-ad6c-cb2d5069ea13	POST	http://localhost:3000	/register
